{"uuid":"b40600e9-368d-4a9d-92fd-dbdca8bd876e","historyId":"GetInspectionRequest","fullName":"GetInspectionRequest","labels":[{"name":"package","value":"autochek_api_positive.DynamicResponse.DynamicResponsePositive"},{"name":"testClass","value":"autochek_api_positive.DynamicResponse.DynamicResponsePositive"},{"name":"testMethod","value":"GetInspectionRequest"},{"name":"parentSuite","value":"API_Regression_Suite"},{"name":"suite","value":"Autochek_API_Automation"},{"name":"subSuite","value":"autochek_api_positive.DynamicResponse.DynamicResponsePositive"},{"name":"host","value":"LAPTOP-NV5LHH0B"},{"name":"thread","value":"19536@LAPTOP-NV5LHH0B.main(3)"},{"name":"framework","value":"testng"},{"name":"language","value":"java"},{"name":"story","value":"Get Inspection Request"},{"name":"severity","value":"critical"}],"links":[],"name":"GetInspectionRequest","status":"failed","statusDetails":{"known":false,"muted":false,"flaky":false,"message":"The following asserts failed:\n\tStatus code should match | Expected: 200, Actual: 400 expected [200] but found [400]","trace":"java.lang.AssertionError: The following asserts failed:\n\tStatus code should match | Expected: 200, Actual: 400 expected [200] but found [400]\r\n\tat org.testng.asserts.SoftAssert.assertAll(SoftAssert.java:46)\r\n\tat org.testng.asserts.SoftAssert.assertAll(SoftAssert.java:30)\r\n\tat Listener.AllureLogs.executeSoftAssertAll(AllureLogs.java:201)\r\n\tat autochek_api_positive.DynamicResponse.DynamicResponsePositive.GetInspectionRequest(DynamicResponsePositive.java:553)\r\n\tat java.base/jdk.internal.reflect.DirectMethodHandleAccessor.invoke(DirectMethodHandleAccessor.java:104)\r\n\tat java.base/java.lang.reflect.Method.invoke(Method.java:565)\r\n\tat org.testng.internal.invokers.MethodInvocationHelper.invokeMethod(MethodInvocationHelper.java:141)\r\n\tat org.testng.internal.invokers.TestInvoker.invokeMethod(TestInvoker.java:687)\r\n\tat org.testng.internal.invokers.TestInvoker.invokeTestMethod(TestInvoker.java:230)\r\n\tat org.testng.internal.invokers.MethodRunner.runInSequence(MethodRunner.java:63)\r\n\tat org.testng.internal.invokers.TestInvoker$MethodInvocationAgent.invoke(TestInvoker.java:995)\r\n\tat org.testng.internal.invokers.TestInvoker.invokeTestMethods(TestInvoker.java:203)\r\n\tat org.testng.internal.invokers.TestMethodWorker.invokeTestMethods(TestMethodWorker.java:154)\r\n\tat org.testng.internal.invokers.TestMethodWorker.run(TestMethodWorker.java:134)\r\n\tat java.base/java.util.ArrayList.forEach(ArrayList.java:1604)\r\n\tat org.testng.TestRunner.privateRun(TestRunner.java:741)\r\n\tat org.testng.TestRunner.run(TestRunner.java:616)\r\n\tat org.testng.SuiteRunner.runTest(SuiteRunner.java:421)\r\n\tat org.testng.SuiteRunner.runSequentially(SuiteRunner.java:413)\r\n\tat org.testng.SuiteRunner.privateRun(SuiteRunner.java:373)\r\n\tat org.testng.SuiteRunner.run(SuiteRunner.java:312)\r\n\tat org.testng.SuiteRunnerWorker.runSuite(SuiteRunnerWorker.java:52)\r\n\tat org.testng.SuiteRunnerWorker.run(SuiteRunnerWorker.java:95)\r\n\tat org.testng.TestNG.runSuitesSequentially(TestNG.java:1274)\r\n\tat org.testng.TestNG.runSuitesLocally(TestNG.java:1208)\r\n\tat org.testng.TestNG.runSuites(TestNG.java:1112)\r\n\tat org.testng.TestNG.run(TestNG.java:1079)\r\n\tat com.intellij.rt.testng.IDEARemoteTestNG.run(IDEARemoteTestNG.java:65)\r\n\tat com.intellij.rt.testng.RemoteTestNGStarter.main(RemoteTestNGStarter.java:105)\r\n"},"stage":"finished","description":"Validates GET /v1/inventory/inspection_request with dynamic parameters - Positive Test","steps":[{"name":"SoftAssert: Verify {fieldName} - Expected: '200', Actual: '400'","status":"passed","stage":"finished","steps":[],"attachments":[],"parameters":[{"name":"softAssert","value":"org.testng.asserts.SoftAssert@579847d7"},{"name":"actual","value":"400"},{"name":"expected","value":"200"},{"name":"message","value":"Status code should match"}],"start":1758018246548,"stop":1758018246548},{"name":"makeList is empty â€” nothing to validate","status":"passed","stage":"finished","steps":[],"attachments":[],"parameters":[],"start":1758018246555,"stop":1758018246555},{"name":"Execute all soft assertions","status":"failed","statusDetails":{"known":false,"muted":false,"flaky":false,"message":"The following asserts failed:\n\tStatus code should match | Expected: 200, Actual: 400 expected [200] but found [400]","trace":"java.lang.AssertionError: The following asserts failed:\n\tStatus code should match | Expected: 200, Actual: 400 expected [200] but found [400]\r\n\tat org.testng.asserts.SoftAssert.assertAll(SoftAssert.java:46)\r\n\tat org.testng.asserts.SoftAssert.assertAll(SoftAssert.java:30)\r\n\tat Listener.AllureLogs.executeSoftAssertAll(AllureLogs.java:201)\r\n\tat autochek_api_positive.DynamicResponse.DynamicResponsePositive.GetInspectionRequest(DynamicResponsePositive.java:553)\r\n\tat java.base/jdk.internal.reflect.DirectMethodHandleAccessor.invoke(DirectMethodHandleAccessor.java:104)\r\n\tat java.base/java.lang.reflect.Method.invoke(Method.java:565)\r\n\tat org.testng.internal.invokers.MethodInvocationHelper.invokeMethod(MethodInvocationHelper.java:141)\r\n\tat org.testng.internal.invokers.TestInvoker.invokeMethod(TestInvoker.java:687)\r\n\tat org.testng.internal.invokers.TestInvoker.invokeTestMethod(TestInvoker.java:230)\r\n\tat org.testng.internal.invokers.MethodRunner.runInSequence(MethodRunner.java:63)\r\n\tat org.testng.internal.invokers.TestInvoker$MethodInvocationAgent.invoke(TestInvoker.java:995)\r\n\tat org.testng.internal.invokers.TestInvoker.invokeTestMethods(TestInvoker.java:203)\r\n\tat org.testng.internal.invokers.TestMethodWorker.invokeTestMethods(TestMethodWorker.java:154)\r\n\tat org.testng.internal.invokers.TestMethodWorker.run(TestMethodWorker.java:134)\r\n\tat java.base/java.util.ArrayList.forEach(ArrayList.java:1604)\r\n\tat org.testng.TestRunner.privateRun(TestRunner.java:741)\r\n\tat org.testng.TestRunner.run(TestRunner.java:616)\r\n\tat org.testng.SuiteRunner.runTest(SuiteRunner.java:421)\r\n\tat org.testng.SuiteRunner.runSequentially(SuiteRunner.java:413)\r\n\tat org.testng.SuiteRunner.privateRun(SuiteRunner.java:373)\r\n\tat org.testng.SuiteRunner.run(SuiteRunner.java:312)\r\n\tat org.testng.SuiteRunnerWorker.runSuite(SuiteRunnerWorker.java:52)\r\n\tat org.testng.SuiteRunnerWorker.run(SuiteRunnerWorker.java:95)\r\n\tat org.testng.TestNG.runSuitesSequentially(TestNG.java:1274)\r\n\tat org.testng.TestNG.runSuitesLocally(TestNG.java:1208)\r\n\tat org.testng.TestNG.runSuites(TestNG.java:1112)\r\n\tat org.testng.TestNG.run(TestNG.java:1079)\r\n\tat com.intellij.rt.testng.IDEARemoteTestNG.run(IDEARemoteTestNG.java:65)\r\n\tat com.intellij.rt.testng.RemoteTestNGStarter.main(RemoteTestNGStarter.java:105)\r\n"},"stage":"finished","steps":[],"attachments":[{"name":"Soft Assertion Failures","source":"9208ec48-73b2-475b-b25a-0eefecc1473e-attachment.txt","type":"text/plain"}],"parameters":[{"name":"softAssert","value":"org.testng.asserts.SoftAssert@579847d7"}],"start":1758018246555,"stop":1758018246556}],"attachments":[{"name":"Request Log","source":"aa5e0156-875a-44e9-8e23-f973471e3e17-attachment","type":"application/json"},{"name":"Response Log","source":"0086c1e9-bc3e-495e-8687-fb13e3894ee9-attachment","type":"application/json"}],"parameters":[],"start":1758018245941,"stop":1758018246558}