{"uuid":"c9d7976f-955a-458a-ae30-705b43299372","historyId":"GetInspectionRequest","fullName":"GetInspectionRequest","labels":[{"name":"package","value":"autochek_api_positive.DynamicResponse.DynamicResponsePositive"},{"name":"testClass","value":"autochek_api_positive.DynamicResponse.DynamicResponsePositive"},{"name":"testMethod","value":"GetInspectionRequest"},{"name":"parentSuite","value":"API_Regression_Suite"},{"name":"suite","value":"Autochek_API_Automation"},{"name":"subSuite","value":"autochek_api_positive.DynamicResponse.DynamicResponsePositive"},{"name":"host","value":"LAPTOP-NV5LHH0B"},{"name":"thread","value":"19536@LAPTOP-NV5LHH0B.main(3)"},{"name":"framework","value":"testng"},{"name":"language","value":"java"},{"name":"story","value":"Get Inspection Request"},{"name":"severity","value":"critical"}],"links":[],"name":"GetInspectionRequest","status":"failed","statusDetails":{"known":false,"muted":false,"flaky":false,"message":"The following asserts failed:\n\tStatus code should match | Expected: 200, Actual: 400 expected [200] but found [400]","trace":"java.lang.AssertionError: The following asserts failed:\n\tStatus code should match | Expected: 200, Actual: 400 expected [200] but found [400]\r\n\tat org.testng.asserts.SoftAssert.assertAll(SoftAssert.java:46)\r\n\tat org.testng.asserts.SoftAssert.assertAll(SoftAssert.java:30)\r\n\tat Listener.AllureLogs.executeSoftAssertAll(AllureLogs.java:201)\r\n\tat autochek_api_positive.DynamicResponse.DynamicResponsePositive.GetInspectionRequest(DynamicResponsePositive.java:553)\r\n\tat java.base/jdk.internal.reflect.DirectMethodHandleAccessor.invoke(DirectMethodHandleAccessor.java:104)\r\n\tat java.base/java.lang.reflect.Method.invoke(Method.java:565)\r\n\tat org.testng.internal.invokers.MethodInvocationHelper.invokeMethod(MethodInvocationHelper.java:141)\r\n\tat org.testng.internal.invokers.TestInvoker.invokeMethod(TestInvoker.java:687)\r\n\tat org.testng.internal.invokers.TestInvoker.invokeTestMethod(TestInvoker.java:230)\r\n\tat org.testng.internal.invokers.MethodRunner.runInSequence(MethodRunner.java:63)\r\n\tat org.testng.internal.invokers.TestInvoker$MethodInvocationAgent.invoke(TestInvoker.java:995)\r\n\tat org.testng.internal.invokers.TestInvoker.invokeTestMethods(TestInvoker.java:203)\r\n\tat org.testng.internal.invokers.TestMethodWorker.invokeTestMethods(TestMethodWorker.java:154)\r\n\tat org.testng.internal.invokers.TestMethodWorker.run(TestMethodWorker.java:134)\r\n\tat java.base/java.util.ArrayList.forEach(ArrayList.java:1604)\r\n\tat org.testng.TestRunner.privateRun(TestRunner.java:741)\r\n\tat org.testng.TestRunner.run(TestRunner.java:616)\r\n\tat org.testng.SuiteRunner.runTest(SuiteRunner.java:421)\r\n\tat org.testng.SuiteRunner.runSequentially(SuiteRunner.java:413)\r\n\tat org.testng.SuiteRunner.privateRun(SuiteRunner.java:373)\r\n\tat org.testng.SuiteRunner.run(SuiteRunner.java:312)\r\n\tat org.testng.SuiteRunnerWorker.runSuite(SuiteRunnerWorker.java:52)\r\n\tat org.testng.SuiteRunnerWorker.run(SuiteRunnerWorker.java:95)\r\n\tat org.testng.TestNG.runSuitesSequentially(TestNG.java:1274)\r\n\tat org.testng.TestNG.runSuitesLocally(TestNG.java:1208)\r\n\tat org.testng.TestNG.runSuites(TestNG.java:1112)\r\n\tat org.testng.TestNG.run(TestNG.java:1079)\r\n\tat com.intellij.rt.testng.IDEARemoteTestNG.run(IDEARemoteTestNG.java:65)\r\n\tat com.intellij.rt.testng.RemoteTestNGStarter.main(RemoteTestNGStarter.java:105)\r\n"},"stage":"finished","description":"Validates GET /v1/inventory/inspection_request with dynamic parameters - Positive Test","steps":[{"name":"SoftAssert: Verify {fieldName} - Expected: '200', Actual: '400'","status":"passed","stage":"finished","steps":[],"attachments":[],"parameters":[{"name":"softAssert","value":"org.testng.asserts.SoftAssert@579a6e64"},{"name":"actual","value":"400"},{"name":"expected","value":"200"},{"name":"message","value":"Status code should match"}],"start":1758018249508,"stop":1758018249508},{"name":"makeList is empty â€” nothing to validate","status":"passed","stage":"finished","steps":[],"attachments":[],"parameters":[],"start":1758018249515,"stop":1758018249515},{"name":"Execute all soft assertions","status":"failed","statusDetails":{"known":false,"muted":false,"flaky":false,"message":"The following asserts failed:\n\tStatus code should match | Expected: 200, Actual: 400 expected [200] but found [400]","trace":"java.lang.AssertionError: The following asserts failed:\n\tStatus code should match | Expected: 200, Actual: 400 expected [200] but found [400]\r\n\tat org.testng.asserts.SoftAssert.assertAll(SoftAssert.java:46)\r\n\tat org.testng.asserts.SoftAssert.assertAll(SoftAssert.java:30)\r\n\tat Listener.AllureLogs.executeSoftAssertAll(AllureLogs.java:201)\r\n\tat autochek_api_positive.DynamicResponse.DynamicResponsePositive.GetInspectionRequest(DynamicResponsePositive.java:553)\r\n\tat java.base/jdk.internal.reflect.DirectMethodHandleAccessor.invoke(DirectMethodHandleAccessor.java:104)\r\n\tat java.base/java.lang.reflect.Method.invoke(Method.java:565)\r\n\tat org.testng.internal.invokers.MethodInvocationHelper.invokeMethod(MethodInvocationHelper.java:141)\r\n\tat org.testng.internal.invokers.TestInvoker.invokeMethod(TestInvoker.java:687)\r\n\tat org.testng.internal.invokers.TestInvoker.invokeTestMethod(TestInvoker.java:230)\r\n\tat org.testng.internal.invokers.MethodRunner.runInSequence(MethodRunner.java:63)\r\n\tat org.testng.internal.invokers.TestInvoker$MethodInvocationAgent.invoke(TestInvoker.java:995)\r\n\tat org.testng.internal.invokers.TestInvoker.invokeTestMethods(TestInvoker.java:203)\r\n\tat org.testng.internal.invokers.TestMethodWorker.invokeTestMethods(TestMethodWorker.java:154)\r\n\tat org.testng.internal.invokers.TestMethodWorker.run(TestMethodWorker.java:134)\r\n\tat java.base/java.util.ArrayList.forEach(ArrayList.java:1604)\r\n\tat org.testng.TestRunner.privateRun(TestRunner.java:741)\r\n\tat org.testng.TestRunner.run(TestRunner.java:616)\r\n\tat org.testng.SuiteRunner.runTest(SuiteRunner.java:421)\r\n\tat org.testng.SuiteRunner.runSequentially(SuiteRunner.java:413)\r\n\tat org.testng.SuiteRunner.privateRun(SuiteRunner.java:373)\r\n\tat org.testng.SuiteRunner.run(SuiteRunner.java:312)\r\n\tat org.testng.SuiteRunnerWorker.runSuite(SuiteRunnerWorker.java:52)\r\n\tat org.testng.SuiteRunnerWorker.run(SuiteRunnerWorker.java:95)\r\n\tat org.testng.TestNG.runSuitesSequentially(TestNG.java:1274)\r\n\tat org.testng.TestNG.runSuitesLocally(TestNG.java:1208)\r\n\tat org.testng.TestNG.runSuites(TestNG.java:1112)\r\n\tat org.testng.TestNG.run(TestNG.java:1079)\r\n\tat com.intellij.rt.testng.IDEARemoteTestNG.run(IDEARemoteTestNG.java:65)\r\n\tat com.intellij.rt.testng.RemoteTestNGStarter.main(RemoteTestNGStarter.java:105)\r\n"},"stage":"finished","steps":[],"attachments":[{"name":"Soft Assertion Failures","source":"bc5cd708-0ac8-4426-a9f4-314af532ac62-attachment.txt","type":"text/plain"}],"parameters":[{"name":"softAssert","value":"org.testng.asserts.SoftAssert@579a6e64"}],"start":1758018249515,"stop":1758018249516}],"attachments":[{"name":"Request Log","source":"1878e0e8-f015-47b7-88ce-3b808ee45456-attachment","type":"application/json"},{"name":"Response Log","source":"2e636f39-67bf-4b12-8fc1-ff1593fc1dd3-attachment","type":"application/json"}],"parameters":[],"start":1758018248940,"stop":1758018249517}