{"uid":"f19a77f836850d6b","name":"GetInspectionNegative - Pass whitespace in fields","fullName":"GetInspectionNegative - Pass whitespace in fields","historyId":"GetInspectionNegative - Pass whitespace in fields","time":{"start":1759134669377,"stop":1759134669998,"duration":621},"description":"Validates GET /v1/inspection with dynamic parameters - Negative Test","descriptionHtml":"<p>Validates GET /v1/inspection with dynamic parameters - Negative Test</p>\n","status":"failed","statusMessage":"The following asserts failed:\n\tStatus code should match | Expected: 400, Actual: 200 expected [400] but found [200]","statusTrace":"java.lang.AssertionError: The following asserts failed:\n\tStatus code should match | Expected: 400, Actual: 200 expected [400] but found [200]\n\tat org.testng.asserts.SoftAssert.assertAll(SoftAssert.java:46)\n\tat org.testng.asserts.SoftAssert.assertAll(SoftAssert.java:30)\n\tat Listener.AllureLogs.executeSoftAssertAll(AllureLogs.java:201)\n\tat autochek_api_negative.DynamicResponse.DynamicResponseNegative.GetInspectionNegative(DynamicResponseNegative.java:287)\n\tat java.base/jdk.internal.reflect.NativeMethodAccessorImpl.invoke0(Native Method)\n\tat java.base/jdk.internal.reflect.NativeMethodAccessorImpl.invoke(NativeMethodAccessorImpl.java:77)\n\tat java.base/jdk.internal.reflect.DelegatingMethodAccessorImpl.invoke(DelegatingMethodAccessorImpl.java:43)\n\tat java.base/java.lang.reflect.Method.invoke(Method.java:569)\n\tat org.testng.internal.invokers.MethodInvocationHelper.invokeMethod(MethodInvocationHelper.java:141)\n\tat org.testng.internal.invokers.TestInvoker.invokeMethod(TestInvoker.java:687)\n\tat org.testng.internal.invokers.TestInvoker.invokeTestMethod(TestInvoker.java:230)\n\tat org.testng.internal.invokers.MethodRunner.runInSequence(MethodRunner.java:63)\n\tat org.testng.internal.invokers.TestInvoker$MethodInvocationAgent.invoke(TestInvoker.java:995)\n\tat org.testng.internal.invokers.TestInvoker.invokeTestMethods(TestInvoker.java:203)\n\tat org.testng.internal.invokers.TestMethodWorker.invokeTestMethods(TestMethodWorker.java:154)\n\tat org.testng.internal.invokers.TestMethodWorker.run(TestMethodWorker.java:134)\n\tat java.base/java.util.ArrayList.forEach(ArrayList.java:1511)\n\tat org.testng.TestRunner.privateRun(TestRunner.java:741)\n\tat org.testng.TestRunner.run(TestRunner.java:616)\n\tat org.testng.SuiteRunner.runTest(SuiteRunner.java:421)\n\tat org.testng.SuiteRunner.runSequentially(SuiteRunner.java:413)\n\tat org.testng.SuiteRunner.privateRun(SuiteRunner.java:373)\n\tat org.testng.SuiteRunner.run(SuiteRunner.java:312)\n\tat org.testng.SuiteRunnerWorker.runSuite(SuiteRunnerWorker.java:52)\n\tat org.testng.SuiteRunnerWorker.run(SuiteRunnerWorker.java:95)\n\tat org.testng.TestNG.runSuitesSequentially(TestNG.java:1274)\n\tat org.testng.TestNG.runSuitesLocally(TestNG.java:1208)\n\tat org.testng.TestNG.runSuites(TestNG.java:1112)\n\tat org.testng.TestNG.run(TestNG.java:1079)\n\tat org.apache.maven.surefire.testng.TestNGExecutor.run(TestNGExecutor.java:308)\n\tat org.apache.maven.surefire.testng.TestNGXmlTestSuite.execute(TestNGXmlTestSuite.java:71)\n\tat org.apache.maven.surefire.testng.TestNGProvider.invoke(TestNGProvider.java:113)\n\tat org.apache.maven.surefire.booter.ForkedBooter.runSuitesInProcess(ForkedBooter.java:385)\n\tat org.apache.maven.surefire.booter.ForkedBooter.execute(ForkedBooter.java:162)\n\tat org.apache.maven.surefire.booter.ForkedBooter.run(ForkedBooter.java:507)\n\tat org.apache.maven.surefire.booter.ForkedBooter.main(ForkedBooter.java:495)\n","flaky":false,"newFailed":false,"newBroken":false,"newPassed":false,"retriesCount":0,"retriesStatusChange":false,"beforeStages":[{"name":"setUp","time":{"start":1759134630782,"stop":1759134631465,"duration":683},"description":"","status":"passed","steps":[],"attachments":[],"parameters":[],"stepsCount":0,"attachmentsCount":0,"shouldDisplayMessage":false,"hasContent":false}],"testStage":{"description":"Validates GET /v1/inspection with dynamic parameters - Negative Test","status":"failed","statusMessage":"The following asserts failed:\n\tStatus code should match | Expected: 400, Actual: 200 expected [400] but found [200]","statusTrace":"java.lang.AssertionError: The following asserts failed:\n\tStatus code should match | Expected: 400, Actual: 200 expected [400] but found [200]\n\tat org.testng.asserts.SoftAssert.assertAll(SoftAssert.java:46)\n\tat org.testng.asserts.SoftAssert.assertAll(SoftAssert.java:30)\n\tat Listener.AllureLogs.executeSoftAssertAll(AllureLogs.java:201)\n\tat autochek_api_negative.DynamicResponse.DynamicResponseNegative.GetInspectionNegative(DynamicResponseNegative.java:287)\n\tat java.base/jdk.internal.reflect.NativeMethodAccessorImpl.invoke0(Native Method)\n\tat java.base/jdk.internal.reflect.NativeMethodAccessorImpl.invoke(NativeMethodAccessorImpl.java:77)\n\tat java.base/jdk.internal.reflect.DelegatingMethodAccessorImpl.invoke(DelegatingMethodAccessorImpl.java:43)\n\tat java.base/java.lang.reflect.Method.invoke(Method.java:569)\n\tat org.testng.internal.invokers.MethodInvocationHelper.invokeMethod(MethodInvocationHelper.java:141)\n\tat org.testng.internal.invokers.TestInvoker.invokeMethod(TestInvoker.java:687)\n\tat org.testng.internal.invokers.TestInvoker.invokeTestMethod(TestInvoker.java:230)\n\tat org.testng.internal.invokers.MethodRunner.runInSequence(MethodRunner.java:63)\n\tat org.testng.internal.invokers.TestInvoker$MethodInvocationAgent.invoke(TestInvoker.java:995)\n\tat org.testng.internal.invokers.TestInvoker.invokeTestMethods(TestInvoker.java:203)\n\tat org.testng.internal.invokers.TestMethodWorker.invokeTestMethods(TestMethodWorker.java:154)\n\tat org.testng.internal.invokers.TestMethodWorker.run(TestMethodWorker.java:134)\n\tat java.base/java.util.ArrayList.forEach(ArrayList.java:1511)\n\tat org.testng.TestRunner.privateRun(TestRunner.java:741)\n\tat org.testng.TestRunner.run(TestRunner.java:616)\n\tat org.testng.SuiteRunner.runTest(SuiteRunner.java:421)\n\tat org.testng.SuiteRunner.runSequentially(SuiteRunner.java:413)\n\tat org.testng.SuiteRunner.privateRun(SuiteRunner.java:373)\n\tat org.testng.SuiteRunner.run(SuiteRunner.java:312)\n\tat org.testng.SuiteRunnerWorker.runSuite(SuiteRunnerWorker.java:52)\n\tat org.testng.SuiteRunnerWorker.run(SuiteRunnerWorker.java:95)\n\tat org.testng.TestNG.runSuitesSequentially(TestNG.java:1274)\n\tat org.testng.TestNG.runSuitesLocally(TestNG.java:1208)\n\tat org.testng.TestNG.runSuites(TestNG.java:1112)\n\tat org.testng.TestNG.run(TestNG.java:1079)\n\tat org.apache.maven.surefire.testng.TestNGExecutor.run(TestNGExecutor.java:308)\n\tat org.apache.maven.surefire.testng.TestNGXmlTestSuite.execute(TestNGXmlTestSuite.java:71)\n\tat org.apache.maven.surefire.testng.TestNGProvider.invoke(TestNGProvider.java:113)\n\tat org.apache.maven.surefire.booter.ForkedBooter.runSuitesInProcess(ForkedBooter.java:385)\n\tat org.apache.maven.surefire.booter.ForkedBooter.execute(ForkedBooter.java:162)\n\tat org.apache.maven.surefire.booter.ForkedBooter.run(ForkedBooter.java:507)\n\tat org.apache.maven.surefire.booter.ForkedBooter.main(ForkedBooter.java:495)\n","steps":[{"name":"SoftAssert: Verify {fieldName} - Expected: '400', Actual: '200'","time":{"start":1759134669997,"stop":1759134669997,"duration":0},"status":"passed","steps":[],"attachments":[],"parameters":[{"name":"softAssert","value":"org.testng.asserts.SoftAssert@4ac9dc56"},{"name":"actual","value":"200"},{"name":"expected","value":"400"},{"name":"message","value":"Status code should match"}],"stepsCount":0,"attachmentsCount":0,"shouldDisplayMessage":false,"hasContent":true},{"name":"Execute all soft assertions","time":{"start":1759134669997,"stop":1759134669998,"duration":1},"status":"failed","statusMessage":"The following asserts failed:\n\tStatus code should match | Expected: 400, Actual: 200 expected [400] but found [200]","statusTrace":"java.lang.AssertionError: The following asserts failed:\n\tStatus code should match | Expected: 400, Actual: 200 expected [400] but found [200]\n\tat org.testng.asserts.SoftAssert.assertAll(SoftAssert.java:46)\n\tat org.testng.asserts.SoftAssert.assertAll(SoftAssert.java:30)\n\tat Listener.AllureLogs.executeSoftAssertAll(AllureLogs.java:201)\n\tat autochek_api_negative.DynamicResponse.DynamicResponseNegative.GetInspectionNegative(DynamicResponseNegative.java:287)\n\tat java.base/jdk.internal.reflect.NativeMethodAccessorImpl.invoke0(Native Method)\n\tat java.base/jdk.internal.reflect.NativeMethodAccessorImpl.invoke(NativeMethodAccessorImpl.java:77)\n\tat java.base/jdk.internal.reflect.DelegatingMethodAccessorImpl.invoke(DelegatingMethodAccessorImpl.java:43)\n\tat java.base/java.lang.reflect.Method.invoke(Method.java:569)\n\tat org.testng.internal.invokers.MethodInvocationHelper.invokeMethod(MethodInvocationHelper.java:141)\n\tat org.testng.internal.invokers.TestInvoker.invokeMethod(TestInvoker.java:687)\n\tat org.testng.internal.invokers.TestInvoker.invokeTestMethod(TestInvoker.java:230)\n\tat org.testng.internal.invokers.MethodRunner.runInSequence(MethodRunner.java:63)\n\tat org.testng.internal.invokers.TestInvoker$MethodInvocationAgent.invoke(TestInvoker.java:995)\n\tat org.testng.internal.invokers.TestInvoker.invokeTestMethods(TestInvoker.java:203)\n\tat org.testng.internal.invokers.TestMethodWorker.invokeTestMethods(TestMethodWorker.java:154)\n\tat org.testng.internal.invokers.TestMethodWorker.run(TestMethodWorker.java:134)\n\tat java.base/java.util.ArrayList.forEach(ArrayList.java:1511)\n\tat org.testng.TestRunner.privateRun(TestRunner.java:741)\n\tat org.testng.TestRunner.run(TestRunner.java:616)\n\tat org.testng.SuiteRunner.runTest(SuiteRunner.java:421)\n\tat org.testng.SuiteRunner.runSequentially(SuiteRunner.java:413)\n\tat org.testng.SuiteRunner.privateRun(SuiteRunner.java:373)\n\tat org.testng.SuiteRunner.run(SuiteRunner.java:312)\n\tat org.testng.SuiteRunnerWorker.runSuite(SuiteRunnerWorker.java:52)\n\tat org.testng.SuiteRunnerWorker.run(SuiteRunnerWorker.java:95)\n\tat org.testng.TestNG.runSuitesSequentially(TestNG.java:1274)\n\tat org.testng.TestNG.runSuitesLocally(TestNG.java:1208)\n\tat org.testng.TestNG.runSuites(TestNG.java:1112)\n\tat org.testng.TestNG.run(TestNG.java:1079)\n\tat org.apache.maven.surefire.testng.TestNGExecutor.run(TestNGExecutor.java:308)\n\tat org.apache.maven.surefire.testng.TestNGXmlTestSuite.execute(TestNGXmlTestSuite.java:71)\n\tat org.apache.maven.surefire.testng.TestNGProvider.invoke(TestNGProvider.java:113)\n\tat org.apache.maven.surefire.booter.ForkedBooter.runSuitesInProcess(ForkedBooter.java:385)\n\tat org.apache.maven.surefire.booter.ForkedBooter.execute(ForkedBooter.java:162)\n\tat org.apache.maven.surefire.booter.ForkedBooter.run(ForkedBooter.java:507)\n\tat org.apache.maven.surefire.booter.ForkedBooter.main(ForkedBooter.java:495)\n","steps":[],"attachments":[{"uid":"69de5d9b1ed710ed","name":"Soft Assertion Failures","source":"69de5d9b1ed710ed.txt","type":"text/plain","size":115}],"parameters":[{"name":"softAssert","value":"org.testng.asserts.SoftAssert@4ac9dc56"}],"stepsCount":0,"attachmentsCount":1,"shouldDisplayMessage":true,"hasContent":true}],"attachments":[{"uid":"753c38182ab3415c","name":"Request Log","source":"753c38182ab3415c.txt","type":"application/json","size":587},{"uid":"8769722010095cb6","name":"Response Log","source":"8769722010095cb6","type":"application/json","size":42157}],"parameters":[],"stepsCount":2,"attachmentsCount":3,"shouldDisplayMessage":false,"hasContent":true},"afterStages":[],"labels":[{"name":"package","value":"autochek_api_negative.DynamicResponse.DynamicResponseNegative"},{"name":"testClass","value":"autochek_api_negative.DynamicResponse.DynamicResponseNegative"},{"name":"testMethod","value":"GetInspectionNegative"},{"name":"parentSuite","value":"API_Regression_Suite"},{"name":"suite","value":"Autochek_API_Automation"},{"name":"subSuite","value":"autochek_api_negative.DynamicResponse.DynamicResponseNegative"},{"name":"host","value":"runnervm3ublj"},{"name":"thread","value":"2226@runnervm3ublj.main(1)"},{"name":"framework","value":"testng"},{"name":"language","value":"java"},{"name":"story","value":"Get Inspection"},{"name":"epic","value":"Inventory Service"},{"name":"feature","value":"Negative Tests Dynamic Response"},{"name":"severity","value":"critical"},{"name":"severity","value":"high"},{"name":"resultFormat","value":"allure2"}],"parameters":[],"links":[],"hidden":false,"retry":false,"extra":{"severity":"critical","retries":[],"categories":[{"name":"Product defects","matchedStatuses":[],"flaky":false}],"history":{"statistic":{"failed":3,"broken":0,"skipped":0,"passed":0,"unknown":0,"total":3},"items":[{"uid":"77bedb32ced021ed","status":"failed","statusDetails":"The following asserts failed:\n\tStatus code should match | Expected: 400, Actual: 200 expected [400] but found [200]","time":{"start":1759132909851,"stop":1759132910474,"duration":623}},{"uid":"caf5cb01ea8515d5","status":"failed","statusDetails":"The following asserts failed:\n\tStatus code should match | Expected: 400, Actual: 200 expected [400] but found [200]","time":{"start":1759130371358,"stop":1759130371937,"duration":579}}]},"tags":[]},"source":"f19a77f836850d6b.json","parameterValues":[]}